Building DAG of jobs...
Retrieving input from storage.
Using shell: /usr/bin/bash
Provided cores: 12
Rules claiming more threads will be scaled down.
Job stats:
job             count
------------  -------
all                 1
step02_count        1
total               2

Select jobs to execute...
Execute 1 jobs...

[Mon Jan 29 17:55:58 2024]
localrule step02_count:
    input: /home/keke/base/test/cellranger/HRA003647/step01_rename/HRR858164_S0_L001_R1_001.fastq.gz, /home/keke/base/test/cellranger/HRA003647/step01_rename/HRR858164_S0_L001_R2_001.fastq.gz
    output: /home/keke/base/test/cellranger/HRA003647/step02_outs/HRR858164/outs/filtered_feature_bc_matrix/barcodes.tsv.gz, /home/keke/base/test/cellranger/HRA003647/step02_outs/HRR858164/outs/filtered_feature_bc_matrix/features.tsv.gz, /home/keke/base/test/cellranger/HRA003647/step02_outs/HRR858164/outs/filtered_feature_bc_matrix/matrix.mtx.gz
    jobid: 1
    reason: Missing output files: /home/keke/base/test/cellranger/HRA003647/step02_outs/HRR858164/outs/filtered_feature_bc_matrix/matrix.mtx.gz
    wildcards: sample=HRR858164
    threads: 12
    resources: tmpdir=/tmp

[Mon Jan 29 18:11:42 2024]
Error in rule step02_count:
    jobid: 1
    input: /home/keke/base/test/cellranger/HRA003647/step01_rename/HRR858164_S0_L001_R1_001.fastq.gz, /home/keke/base/test/cellranger/HRA003647/step01_rename/HRR858164_S0_L001_R2_001.fastq.gz
    output: /home/keke/base/test/cellranger/HRA003647/step02_outs/HRR858164/outs/filtered_feature_bc_matrix/barcodes.tsv.gz, /home/keke/base/test/cellranger/HRA003647/step02_outs/HRR858164/outs/filtered_feature_bc_matrix/features.tsv.gz, /home/keke/base/test/cellranger/HRA003647/step02_outs/HRR858164/outs/filtered_feature_bc_matrix/matrix.mtx.gz
    shell:
        
        [[ ! -d /home/keke/base/test/cellranger/HRA003647/tmp ]] && mkdir -p /home/keke/base/test/cellranger/HRA003647/tmp;
        cd /home/keke/base/test/cellranger/HRA003647/tmp;

        [[ ! -d /home/keke/base/test/cellranger/HRA003647/.log ]] && mkdir -p /home/keke/base/test/cellranger/HRA003647/.log;

        /home/keke/data2/app/cellranger-7.1.0/bin/cellranger count --id=HRR858164                         --transcriptome=/home/keke/data2/ref/refdata-gex-GRCh38-2020-A                         --fastqs=/home/keke/base/test/cellranger/HRA003647/step01_rename                         --sample=HRR858164                         --localcores=12                         --localmem=64 > /home/keke/base/test/cellranger/HRA003647/.log/HRR858164_step02.log
        
        (one of the commands exited with non-zero exit code; note that snakemake uses bash strict mode!)

Shutting down, this might take some time.
Exiting because a job execution failed. Look above for error message
Complete log: .snakemake/log/2024-01-29T175558.070516.snakemake.log
WorkflowError:
At least one job did not complete successfully.
==================================================
output direcory found, skip!
==================================================
meta data found ,skip! please check the meta data
is consistent with input_file, or you could delete
it and rerun snakemake with snakemake -np
==================================================
How many samples input?
18
============>end of data preparations<============
==================================================
['HRR858159', 'HRR858160', 'HRR858161', 'HRR858162', 'HRR858163', 'HRR858164', 'HRR858165', 'HRR858166', 'HRR858167', 'HRR858168', 'HRR858169', 'HRR858170', 'HRR858171', 'HRR858172', 'HRR858173', 'HRR858174', 'HRR858175', 'HRR858176']
